# JRE version: 7.0_21-b12
# Java VM: Java HotSpot(TM) 64-Bit Server VM (23.21-b01 mixed mode bsd-amd64 compressed oops)
Heap
 def new generation   total 5120K, used 906K [0x00000001110d0000, 0x0000000111650000, 0x00000001144d0000)
  eden space 4608K,  19% used [0x00000001110d0000, 0x00000001111b2a38, 0x0000000111550000)
  from space 512K,   0% used [0x0000000111550000, 0x0000000111550000, 0x00000001115d0000)
  to   space 512K,   0% used [0x00000001115d0000, 0x00000001115d0000, 0x0000000111650000)
 tenured generation   total 11212K, used 6727K [0x00000001144d0000, 0x0000000114fc3000, 0x000000011acd0000)
   the space 11212K,  59% used [0x00000001144d0000, 0x0000000114b61c00, 0x0000000114b61c00, 0x0000000114fc3000)
 compacting perm gen  total 21248K, used 14359K [0x000000011acd0000, 0x000000011c190000, 0x000000011fed0000)
   the space 21248K,  67% used [0x000000011acd0000, 0x000000011bad5f30, 0x000000011bad6000, 0x000000011c190000)
GC Heap History (10 events):
Event: 4.599 GC heap before
{Heap before GC invocations=5 (full 0):
 def new generation   total 3008K, used 2561K [0x00000001110d0000, 0x0000000111410000, 0x00000001144d0000)
  eden space 2688K,  85% used [0x00000001110d0000, 0x000000011130c1d0, 0x0000000111370000)
  from space 320K,  85% used [0x00000001113c0000, 0x0000000111404458, 0x0000000111410000)
  to   space 320K,   0% used [0x0000000111370000, 0x0000000111370000, 0x00000001113c0000)
 tenured generation   total 6656K, used 5097K [0x00000001144d0000, 0x0000000114b50000, 0x000000011acd0000)
   the space 6656K,  76% used [0x00000001144d0000, 0x00000001149ca620, 0x00000001149ca800, 0x0000000114b50000)
 compacting perm gen  total 21248K, used 14247K [0x000000011acd0000, 0x000000011c190000, 0x000000011fed0000)
   the space 21248K,  67% used [0x000000011acd0000, 0x000000011bab9cd8, 0x000000011bab9e00, 0x000000011c190000)
No shared spaces configured.
Event: 4.633 GC heap after
Heap after GC invocations=6 (full 1):
 def new generation   total 4032K, used 0K [0x00000001110d0000, 0x0000000111530000, 0x00000001144d0000)
  eden space 3584K,   0% used [0x00000001110d0000, 0x00000001110d0000, 0x0000000111450000)
  from space 448K,   0% used [0x0000000111450000, 0x0000000111450000, 0x00000001114c0000)
  to   space 448K,   0% used [0x00000001114c0000, 0x00000001114c0000, 0x0000000111530000)
 tenured generation   total 8880K, used 5416K [0x00000001144d0000, 0x0000000114d7c000, 0x000000011acd0000)
   the space 8880K,  60% used [0x00000001144d0000, 0x0000000114a1a268, 0x0000000114a1a400, 0x0000000114d7c000)
 compacting perm gen  total 21248K, used 14247K [0x000000011acd0000, 0x000000011c190000, 0x000000011fed0000)
   the space 21248K,  67% used [0x000000011acd0000, 0x000000011bab9cd8, 0x000000011bab9e00, 0x000000011c190000)
No shared spaces configured.
}
Event: 4.673 GC heap before
{Heap before GC invocations=6 (full 1):
 def new generation   total 4032K, used 2602K [0x00000001110d0000, 0x0000000111530000, 0x00000001144d0000)
  eden space 3584K,  72% used [0x00000001110d0000, 0x000000011135aaf0, 0x0000000111450000)
  from space 448K,   0% used [0x0000000111450000, 0x0000000111450000, 0x00000001114c0000)
  to   space 448K,   0% used [0x00000001114c0000, 0x00000001114c0000, 0x0000000111530000)
 tenured generation   total 8880K, used 5416K [0x00000001144d0000, 0x0000000114d7c000, 0x000000011acd0000)
   the space 8880K,  60% used [0x00000001144d0000, 0x0000000114a1a268, 0x0000000114a1a400, 0x0000000114d7c000)
 compacting perm gen  total 21248K, used 14248K [0x000000011acd0000, 0x000000011c190000, 0x000000011fed0000)
   the space 21248K,  67% used [0x000000011acd0000, 0x000000011baba2c8, 0x000000011baba400, 0x000000011c190000)
No shared spaces configured.
Event: 4.675 GC heap after
Heap after GC invocations=7 (full 1):
 def new generation   total 4032K, used 11K [0x00000001110d0000, 0x0000000111530000, 0x00000001144d0000)
  eden space 3584K,   0% used [0x00000001110d0000, 0x00000001110d0000, 0x0000000111450000)
  from space 448K,   2% used [0x00000001114c0000, 0x00000001114c2fa8, 0x0000000111530000)
  to   space 448K,   0% used [0x0000000111450000, 0x0000000111450000, 0x00000001114c0000)
 tenured generation   total 8880K, used 7718K [0x00000001144d0000, 0x0000000114d7c000, 0x000000011acd0000)
   the space 8880K,  86% used [0x00000001144d0000, 0x0000000114c59bd8, 0x0000000114c59c00, 0x0000000114d7c000)
 compacting perm gen  total 21248K, used 14248K [0x000000011acd0000, 0x000000011c190000, 0x000000011fed0000)
   the space 21248K,  67% used [0x000000011acd0000, 0x000000011baba2c8, 0x000000011baba400, 0x000000011c190000)
No shared spaces configured.
}
Event: 4.730 GC heap before
{Heap before GC invocations=7 (full 1):
 def new generation   total 4032K, used 3316K [0x00000001110d0000, 0x0000000111530000, 0x00000001144d0000)
  eden space 3584K,  92% used [0x00000001110d0000, 0x000000011140a430, 0x0000000111450000)
  from space 448K,   2% used [0x00000001114c0000, 0x00000001114c2fa8, 0x0000000111530000)
  to   space 448K,   0% used [0x0000000111450000, 0x0000000111450000, 0x00000001114c0000)
 tenured generation   total 8880K, used 7718K [0x00000001144d0000, 0x0000000114d7c000, 0x000000011acd0000)
   the space 8880K,  86% used [0x00000001144d0000, 0x0000000114c59bd8, 0x0000000114c59c00, 0x0000000114d7c000)
 compacting perm gen  total 21248K, used 14256K [0x000000011acd0000, 0x000000011c190000, 0x000000011fed0000)
   the space 21248K,  67% used [0x000000011acd0000, 0x000000011babc078, 0x000000011babc200, 0x000000011c190000)
No shared spaces configured.
Event: 4.764 GC heap after
Heap after GC invocations=8 (full 2):
 def new generation   total 4800K, used 0K [0x00000001110d0000, 0x0000000111600000, 0x00000001144d0000)
  eden space 4288K,   0% used [0x00000001110d0000, 0x00000001110d0000, 0x0000000111500000)
  from space 512K,   0% used [0x0000000111500000, 0x0000000111500000, 0x0000000111580000)
  to   space 512K,   0% used [0x0000000111580000, 0x0000000111580000, 0x0000000111600000)
 tenured generation   total 10560K, used 6333K [0x00000001144d0000, 0x0000000114f20000, 0x000000011acd0000)
   the space 10560K,  59% used [0x00000001144d0000, 0x0000000114aff7c8, 0x0000000114aff800, 0x0000000114f20000)
 compacting perm gen  total 21248K, used 14256K [0x000000011acd0000, 0x000000011c190000, 0x000000011fed0000)
   the space 21248K,  67% used [0x000000011acd0000, 0x000000011babc078, 0x000000011babc200, 0x000000011c190000)
No shared spaces configured.
}
Event: 4.807 GC heap before
{Heap before GC invocations=8 (full 2):
 def new generation   total 4800K, used 3508K [0x00000001110d0000, 0x0000000111600000, 0x00000001144d0000)
  eden space 4288K,  81% used [0x00000001110d0000, 0x000000011143d390, 0x0000000111500000)
  from space 512K,   0% used [0x0000000111500000, 0x0000000111500000, 0x0000000111580000)
  to   space 512K,   0% used [0x0000000111580000, 0x0000000111580000, 0x0000000111600000)
 tenured generation   total 10560K, used 6333K [0x00000001144d0000, 0x0000000114f20000, 0x000000011acd0000)
   the space 10560K,  59% used [0x00000001144d0000, 0x0000000114aff7c8, 0x0000000114aff800, 0x0000000114f20000)
 compacting perm gen  total 21248K, used 14256K [0x000000011acd0000, 0x000000011c190000, 0x000000011fed0000)
   the space 21248K,  67% used [0x000000011acd0000, 0x000000011babc078, 0x000000011babc200, 0x000000011c190000)
No shared spaces configured.
Event: 4.808 GC heap after
Heap after GC invocations=9 (full 2):
 def new generation   total 4800K, used 7K [0x00000001110d0000, 0x0000000111600000, 0x00000001144d0000)
  eden space 4288K,   0% used [0x00000001110d0000, 0x00000001110d0000, 0x0000000111500000)
  from space 512K,   1% used [0x0000000111580000, 0x0000000111581f28, 0x0000000111600000)
  to   space 512K,   0% used [0x0000000111500000, 0x0000000111500000, 0x0000000111580000)
 tenured generation   total 10560K, used 9765K [0x00000001144d0000, 0x0000000114f20000, 0x000000011acd0000)
   the space 10560K,  92% used [0x00000001144d0000, 0x0000000114e59668, 0x0000000114e59800, 0x0000000114f20000)
 compacting perm gen  total 21248K, used 14256K [0x000000011acd0000, 0x000000011c190000, 0x000000011fed0000)
   the space 21248K,  67% used [0x000000011acd0000, 0x000000011babc078, 0x000000011babc200, 0x000000011c190000)
No shared spaces configured.
}
Event: 12.312 GC heap before
{Heap before GC invocations=9 (full 2):
 def new generation   total 4800K, used 4295K [0x00000001110d0000, 0x0000000111600000, 0x00000001144d0000)
  eden space 4288K, 100% used [0x00000001110d0000, 0x0000000111500000, 0x0000000111500000)
  from space 512K,   1% used [0x0000000111580000, 0x0000000111581f28, 0x0000000111600000)
  to   space 512K,   0% used [0x0000000111500000, 0x0000000111500000, 0x0000000111580000)
 tenured generation   total 10560K, used 9765K [0x00000001144d0000, 0x0000000114f20000, 0x000000011acd0000)
   the space 10560K,  92% used [0x00000001144d0000, 0x0000000114e59668, 0x0000000114e59800, 0x0000000114f20000)
 compacting perm gen  total 21248K, used 14307K [0x000000011acd0000, 0x000000011c190000, 0x000000011fed0000)
   the space 21248K,  67% used [0x000000011acd0000, 0x000000011bac8dd8, 0x000000011bac8e00, 0x000000011c190000)
No shared spaces configured.
Event: 12.345 GC heap after
Heap after GC invocations=10 (full 3):
 def new generation   total 5120K, used 0K [0x00000001110d0000, 0x0000000111650000, 0x00000001144d0000)
  eden space 4608K,   0% used [0x00000001110d0000, 0x00000001110d0000, 0x0000000111550000)
  from space 512K,   0% used [0x0000000111550000, 0x0000000111550000, 0x00000001115d0000)
  to   space 512K,   0% used [0x00000001115d0000, 0x00000001115d0000, 0x0000000111650000)
 tenured generation   total 11212K, used 6727K [0x00000001144d0000, 0x0000000114fc3000, 0x000000011acd0000)
   the space 11212K,  59% used [0x00000001144d0000, 0x0000000114b61c00, 0x0000000114b61c00, 0x0000000114fc3000)
 compacting perm gen  total 21248K, used 14307K [0x000000011acd0000, 0x000000011c190000, 0x000000011fed0000)
   the space 21248K,  67% used [0x000000011acd0000, 0x000000011bac8dd8, 0x000000011bac8e00, 0x000000011c190000)
No shared spaces configured.
}

